Determining if the pthread_create exist failed with the following output:
Change Dir: /home/kolmogorov/cuda-workspace/WoaCuda/build/CMakeFiles/CMakeTmp

Run Build Command:"/usr/bin/make" "cmTC_ce865/fast"
/usr/bin/make -f CMakeFiles/cmTC_ce865.dir/build.make CMakeFiles/cmTC_ce865.dir/build
make[1]: Entering directory '/home/kolmogorov/cuda-workspace/WoaCuda/build/CMakeFiles/CMakeTmp'
Building C object CMakeFiles/cmTC_ce865.dir/CheckSymbolExists.c.o
/usr/bin/cc    -fPIC    -o CMakeFiles/cmTC_ce865.dir/CheckSymbolExists.c.o   -c /home/kolmogorov/cuda-workspace/WoaCuda/build/CMakeFiles/CMakeTmp/CheckSymbolExists.c
Linking C executable cmTC_ce865
/usr/bin/cmake -E cmake_link_script CMakeFiles/cmTC_ce865.dir/link.txt --verbose=1
/usr/bin/cc  -fPIC     CMakeFiles/cmTC_ce865.dir/CheckSymbolExists.c.o  -o cmTC_ce865 
CMakeFiles/cmTC_ce865.dir/CheckSymbolExists.c.o: In function `main':
CheckSymbolExists.c:(.text+0x1b): undefined reference to `pthread_create'
collect2: error: ld returned 1 exit status
CMakeFiles/cmTC_ce865.dir/build.make:97: recipe for target 'cmTC_ce865' failed
make[1]: *** [cmTC_ce865] Error 1
make[1]: Leaving directory '/home/kolmogorov/cuda-workspace/WoaCuda/build/CMakeFiles/CMakeTmp'
Makefile:126: recipe for target 'cmTC_ce865/fast' failed
make: *** [cmTC_ce865/fast] Error 2

File /home/kolmogorov/cuda-workspace/WoaCuda/build/CMakeFiles/CMakeTmp/CheckSymbolExists.c:
/* */
#include <pthread.h>

int main(int argc, char** argv)
{
  (void)argv;
#ifndef pthread_create
  return ((int*)(&pthread_create))[argc];
#else
  (void)argc;
  return 0;
#endif
}

Determining if the function pthread_create exists in the pthreads failed with the following output:
Change Dir: /home/kolmogorov/cuda-workspace/WoaCuda/build/CMakeFiles/CMakeTmp

Run Build Command:"/usr/bin/make" "cmTC_796f0/fast"
/usr/bin/make -f CMakeFiles/cmTC_796f0.dir/build.make CMakeFiles/cmTC_796f0.dir/build
make[1]: Entering directory '/home/kolmogorov/cuda-workspace/WoaCuda/build/CMakeFiles/CMakeTmp'
Building C object CMakeFiles/cmTC_796f0.dir/CheckFunctionExists.c.o
/usr/bin/cc    -fPIC -DCHECK_FUNCTION_EXISTS=pthread_create   -o CMakeFiles/cmTC_796f0.dir/CheckFunctionExists.c.o   -c /usr/share/cmake-3.5/Modules/CheckFunctionExists.c
Linking C executable cmTC_796f0
/usr/bin/cmake -E cmake_link_script CMakeFiles/cmTC_796f0.dir/link.txt --verbose=1
/usr/bin/cc  -fPIC -DCHECK_FUNCTION_EXISTS=pthread_create    CMakeFiles/cmTC_796f0.dir/CheckFunctionExists.c.o  -o cmTC_796f0 -lpthreads 
/usr/bin/ld: cannot find -lpthreads
collect2: error: ld returned 1 exit status
CMakeFiles/cmTC_796f0.dir/build.make:97: recipe for target 'cmTC_796f0' failed
make[1]: *** [cmTC_796f0] Error 1
make[1]: Leaving directory '/home/kolmogorov/cuda-workspace/WoaCuda/build/CMakeFiles/CMakeTmp'
Makefile:126: recipe for target 'cmTC_796f0/fast' failed
make: *** [cmTC_796f0/fast] Error 2


